Determining if the log exist failed with the following output:
Change Dir: /mnt/c/Users/ungerb/Documents/OSS2021/cicdlab8/Lab8-CICD/build/CMakeFiles/CMakeTmp

Run Build Command(s):/usr/bin/make -f Makefile cmTC_91c24/fast && /usr/bin/make  -f CMakeFiles/cmTC_91c24.dir/build.make CMakeFiles/cmTC_91c24.dir/build
make[1]: Entering directory '/mnt/c/Users/ungerb/Documents/OSS2021/cicdlab8/Lab8-CICD/build/CMakeFiles/CMakeTmp'
Building C object CMakeFiles/cmTC_91c24.dir/CheckSymbolExists.c.o
/usr/bin/cc    -o CMakeFiles/cmTC_91c24.dir/CheckSymbolExists.c.o -c /mnt/c/Users/ungerb/Documents/OSS2021/cicdlab8/Lab8-CICD/build/CMakeFiles/CMakeTmp/CheckSymbolExists.c
Linking C executable cmTC_91c24
/usr/local/bin/cmake -E cmake_link_script CMakeFiles/cmTC_91c24.dir/link.txt --verbose=1
/usr/bin/cc CMakeFiles/cmTC_91c24.dir/CheckSymbolExists.c.o -o cmTC_91c24 
CMakeFiles/cmTC_91c24.dir/CheckSymbolExists.c.o: In function `main':
CheckSymbolExists.c:(.text+0x16): undefined reference to `log'
collect2: error: ld returned 1 exit status
CMakeFiles/cmTC_91c24.dir/build.make:98: recipe for target 'cmTC_91c24' failed
make[1]: *** [cmTC_91c24] Error 1
make[1]: Leaving directory '/mnt/c/Users/ungerb/Documents/OSS2021/cicdlab8/Lab8-CICD/build/CMakeFiles/CMakeTmp'
Makefile:127: recipe for target 'cmTC_91c24/fast' failed
make: *** [cmTC_91c24/fast] Error 2


File /mnt/c/Users/ungerb/Documents/OSS2021/cicdlab8/Lab8-CICD/build/CMakeFiles/CMakeTmp/CheckSymbolExists.c:
/* */
#include <math.h>

int main(int argc, char** argv)
{
  (void)argv;
#ifndef log
  return ((int*)(&log))[argc];
#else
  (void)argc;
  return 0;
#endif
}
Determining if the exp exist failed with the following output:
Change Dir: /mnt/c/Users/ungerb/Documents/OSS2021/cicdlab8/Lab8-CICD/build/CMakeFiles/CMakeTmp

Run Build Command(s):/usr/bin/make -f Makefile cmTC_58825/fast && /usr/bin/make  -f CMakeFiles/cmTC_58825.dir/build.make CMakeFiles/cmTC_58825.dir/build
make[1]: Entering directory '/mnt/c/Users/ungerb/Documents/OSS2021/cicdlab8/Lab8-CICD/build/CMakeFiles/CMakeTmp'
Building C object CMakeFiles/cmTC_58825.dir/CheckSymbolExists.c.o
/usr/bin/cc    -o CMakeFiles/cmTC_58825.dir/CheckSymbolExists.c.o -c /mnt/c/Users/ungerb/Documents/OSS2021/cicdlab8/Lab8-CICD/build/CMakeFiles/CMakeTmp/CheckSymbolExists.c
Linking C executable cmTC_58825
/usr/local/bin/cmake -E cmake_link_script CMakeFiles/cmTC_58825.dir/link.txt --verbose=1
/usr/bin/cc CMakeFiles/cmTC_58825.dir/CheckSymbolExists.c.o -o cmTC_58825 
CMakeFiles/cmTC_58825.dir/CheckSymbolExists.c.o: In function `main':
CheckSymbolExists.c:(.text+0x16): undefined reference to `exp'
collect2: error: ld returned 1 exit status
CMakeFiles/cmTC_58825.dir/build.make:98: recipe for target 'cmTC_58825' failed
make[1]: *** [cmTC_58825] Error 1
make[1]: Leaving directory '/mnt/c/Users/ungerb/Documents/OSS2021/cicdlab8/Lab8-CICD/build/CMakeFiles/CMakeTmp'
Makefile:127: recipe for target 'cmTC_58825/fast' failed
make: *** [cmTC_58825/fast] Error 2


File /mnt/c/Users/ungerb/Documents/OSS2021/cicdlab8/Lab8-CICD/build/CMakeFiles/CMakeTmp/CheckSymbolExists.c:
/* */
#include <math.h>

int main(int argc, char** argv)
{
  (void)argv;
#ifndef exp
  return ((int*)(&exp))[argc];
#else
  (void)argc;
  return 0;
#endif
}
